

Started GET "/" for 127.0.0.1 at 2014-11-17 12:52:53 -0700

Gem::LoadError (Specified 'sqlite3' for database adapter, but the gem is not loaded. Add `gem 'sqlite3'` to your Gemfile (and ensure its version is at the minimum required by ActiveRecord).):
  activerecord (4.1.7) lib/active_record/connection_adapters/connection_specification.rb:190:in `rescue in spec'
  activerecord (4.1.7) lib/active_record/connection_adapters/connection_specification.rb:187:in `spec'
  activerecord (4.1.7) lib/active_record/connection_handling.rb:50:in `establish_connection'
  activerecord (4.1.7) lib/active_record/railtie.rb:129:in `block (2 levels) in <class:Railtie>'
  activesupport (4.1.7) lib/active_support/lazy_load_hooks.rb:38:in `instance_eval'
  activesupport (4.1.7) lib/active_support/lazy_load_hooks.rb:38:in `execute_hook'
  activesupport (4.1.7) lib/active_support/lazy_load_hooks.rb:45:in `block in run_load_hooks'
  activesupport (4.1.7) lib/active_support/lazy_load_hooks.rb:44:in `each'
  activesupport (4.1.7) lib/active_support/lazy_load_hooks.rb:44:in `run_load_hooks'
  activerecord (4.1.7) lib/active_record/base.rb:326:in `<module:ActiveRecord>'
  activerecord (4.1.7) lib/active_record/base.rb:23:in `<top (required)>'
  activerecord (4.1.7) lib/active_record/connection_adapters/abstract/connection_pool.rb:628:in `rescue in call'
  activerecord (4.1.7) lib/active_record/connection_adapters/abstract/connection_pool.rb:619:in `call'
  activerecord (4.1.7) lib/active_record/migration.rb:380:in `call'
  actionpack (4.1.7) lib/action_dispatch/middleware/callbacks.rb:29:in `block in call'
  activesupport (4.1.7) lib/active_support/callbacks.rb:82:in `run_callbacks'
  actionpack (4.1.7) lib/action_dispatch/middleware/callbacks.rb:27:in `call'
  actionpack (4.1.7) lib/action_dispatch/middleware/reloader.rb:73:in `call'
  actionpack (4.1.7) lib/action_dispatch/middleware/remote_ip.rb:76:in `call'
  actionpack (4.1.7) lib/action_dispatch/middleware/debug_exceptions.rb:17:in `call'
  actionpack (4.1.7) lib/action_dispatch/middleware/show_exceptions.rb:30:in `call'
  railties (4.1.7) lib/rails/rack/logger.rb:38:in `call_app'
  railties (4.1.7) lib/rails/rack/logger.rb:20:in `block in call'
  activesupport (4.1.7) lib/active_support/tagged_logging.rb:68:in `block in tagged'
  activesupport (4.1.7) lib/active_support/tagged_logging.rb:26:in `tagged'
  activesupport (4.1.7) lib/active_support/tagged_logging.rb:68:in `tagged'
  railties (4.1.7) lib/rails/rack/logger.rb:20:in `call'
  actionpack (4.1.7) lib/action_dispatch/middleware/request_id.rb:21:in `call'
  rack (1.5.2) lib/rack/methodoverride.rb:21:in `call'
  rack (1.5.2) lib/rack/runtime.rb:17:in `call'
  activesupport (4.1.7) lib/active_support/cache/strategy/local_cache_middleware.rb:26:in `call'
  rack (1.5.2) lib/rack/lock.rb:17:in `call'
  actionpack (4.1.7) lib/action_dispatch/middleware/static.rb:84:in `call'
  rack (1.5.2) lib/rack/sendfile.rb:112:in `call'
  railties (4.1.7) lib/rails/engine.rb:514:in `call'
  railties (4.1.7) lib/rails/application.rb:144:in `call'
  rack (1.5.2) lib/rack/lint.rb:49:in `_call'
  rack (1.5.2) lib/rack/lint.rb:37:in `call'
  rack (1.5.2) lib/rack/showexceptions.rb:24:in `call'
  rack (1.5.2) lib/rack/commonlogger.rb:33:in `call'
  rack (1.5.2) lib/rack/chunked.rb:43:in `call'
  rack (1.5.2) lib/rack/content_length.rb:14:in `call'
  unicorn (4.8.3) lib/unicorn/http_server.rb:576:in `process_client'
  unicorn (4.8.3) lib/unicorn/http_server.rb:670:in `worker_loop'
  unicorn (4.8.3) lib/unicorn/http_server.rb:525:in `spawn_missing_workers'
  unicorn (4.8.3) lib/unicorn/http_server.rb:140:in `start'
  unicorn (4.8.3) bin/unicorn:126:in `<top (required)>'
  /Users/skuhlmann/.rvm/gems/ruby-2.1.2/bin/unicorn:23:in `load'
  /Users/skuhlmann/.rvm/gems/ruby-2.1.2/bin/unicorn:23:in `<main>'
  /Users/skuhlmann/.rvm/gems/ruby-2.1.2/bin/ruby_executable_hooks:15:in `eval'
  /Users/skuhlmann/.rvm/gems/ruby-2.1.2/bin/ruby_executable_hooks:15:in `<main>'


  Rendered /Users/skuhlmann/.rvm/gems/ruby-2.1.2/gems/actionpack-4.1.7/lib/action_dispatch/middleware/templates/rescues/_source.erb (0.7ms)
  Rendered /Users/skuhlmann/.rvm/gems/ruby-2.1.2/gems/actionpack-4.1.7/lib/action_dispatch/middleware/templates/rescues/_trace.html.erb (1.4ms)
  Rendered /Users/skuhlmann/.rvm/gems/ruby-2.1.2/gems/actionpack-4.1.7/lib/action_dispatch/middleware/templates/rescues/_request_and_response.html.erb (3.1ms)
  Rendered /Users/skuhlmann/.rvm/gems/ruby-2.1.2/gems/actionpack-4.1.7/lib/action_dispatch/middleware/templates/rescues/diagnostics.erb within rescues/layout (29.2ms)


Started GET "/" for 127.0.0.1 at 2014-11-17 13:20:42 -0700

ActiveRecord::NoDatabaseError (FATAL:  database "dinner_dash_development" does not exist
Run `$ bin/rake db:create db:migrate` to create your database):
  activerecord (4.1.7) lib/active_record/connection_adapters/postgresql_adapter.rb:898:in `rescue in connect'
  activerecord (4.1.7) lib/active_record/connection_adapters/postgresql_adapter.rb:888:in `connect'
  activerecord (4.1.7) lib/active_record/connection_adapters/postgresql_adapter.rb:568:in `initialize'
  activerecord (4.1.7) lib/active_record/connection_adapters/postgresql_adapter.rb:41:in `new'
  activerecord (4.1.7) lib/active_record/connection_adapters/postgresql_adapter.rb:41:in `postgresql_connection'
  activerecord (4.1.7) lib/active_record/connection_adapters/abstract/connection_pool.rb:435:in `new_connection'
  activerecord (4.1.7) lib/active_record/connection_adapters/abstract/connection_pool.rb:445:in `checkout_new_connection'
  activerecord (4.1.7) lib/active_record/connection_adapters/abstract/connection_pool.rb:416:in `acquire_connection'
  activerecord (4.1.7) lib/active_record/connection_adapters/abstract/connection_pool.rb:351:in `block in checkout'
  /Users/skuhlmann/.rvm/rubies/ruby-2.1.2/lib/ruby/2.1.0/monitor.rb:211:in `mon_synchronize'
  activerecord (4.1.7) lib/active_record/connection_adapters/abstract/connection_pool.rb:350:in `checkout'
  activerecord (4.1.7) lib/active_record/connection_adapters/abstract/connection_pool.rb:265:in `block in connection'
  /Users/skuhlmann/.rvm/rubies/ruby-2.1.2/lib/ruby/2.1.0/monitor.rb:211:in `mon_synchronize'
  activerecord (4.1.7) lib/active_record/connection_adapters/abstract/connection_pool.rb:264:in `connection'
  activerecord (4.1.7) lib/active_record/connection_adapters/abstract/connection_pool.rb:541:in `retrieve_connection'
  activerecord (4.1.7) lib/active_record/connection_handling.rb:113:in `retrieve_connection'
  activerecord (4.1.7) lib/active_record/connection_handling.rb:87:in `connection'
  activerecord (4.1.7) lib/active_record/query_cache.rb:51:in `restore_query_cache_settings'
  activerecord (4.1.7) lib/active_record/query_cache.rb:43:in `rescue in call'
  activerecord (4.1.7) lib/active_record/query_cache.rb:32:in `call'
  activerecord (4.1.7) lib/active_record/connection_adapters/abstract/connection_pool.rb:621:in `call'
  activerecord (4.1.7) lib/active_record/migration.rb:380:in `call'
  actionpack (4.1.7) lib/action_dispatch/middleware/callbacks.rb:29:in `block in call'
  activesupport (4.1.7) lib/active_support/callbacks.rb:82:in `run_callbacks'
  actionpack (4.1.7) lib/action_dispatch/middleware/callbacks.rb:27:in `call'
  actionpack (4.1.7) lib/action_dispatch/middleware/reloader.rb:73:in `call'
  actionpack (4.1.7) lib/action_dispatch/middleware/remote_ip.rb:76:in `call'
  actionpack (4.1.7) lib/action_dispatch/middleware/debug_exceptions.rb:17:in `call'
  actionpack (4.1.7) lib/action_dispatch/middleware/show_exceptions.rb:30:in `call'
  railties (4.1.7) lib/rails/rack/logger.rb:38:in `call_app'
  railties (4.1.7) lib/rails/rack/logger.rb:20:in `block in call'
  activesupport (4.1.7) lib/active_support/tagged_logging.rb:68:in `block in tagged'
  activesupport (4.1.7) lib/active_support/tagged_logging.rb:26:in `tagged'
  activesupport (4.1.7) lib/active_support/tagged_logging.rb:68:in `tagged'
  railties (4.1.7) lib/rails/rack/logger.rb:20:in `call'
  actionpack (4.1.7) lib/action_dispatch/middleware/request_id.rb:21:in `call'
  rack (1.5.2) lib/rack/methodoverride.rb:21:in `call'
  rack (1.5.2) lib/rack/runtime.rb:17:in `call'
  activesupport (4.1.7) lib/active_support/cache/strategy/local_cache_middleware.rb:26:in `call'
  rack (1.5.2) lib/rack/lock.rb:17:in `call'
  actionpack (4.1.7) lib/action_dispatch/middleware/static.rb:84:in `call'
  rack (1.5.2) lib/rack/sendfile.rb:112:in `call'
  railties (4.1.7) lib/rails/engine.rb:514:in `call'
  railties (4.1.7) lib/rails/application.rb:144:in `call'
  rack (1.5.2) lib/rack/lock.rb:17:in `call'
  rack (1.5.2) lib/rack/content_length.rb:14:in `call'
  rack (1.5.2) lib/rack/handler/webrick.rb:60:in `service'
  /Users/skuhlmann/.rvm/rubies/ruby-2.1.2/lib/ruby/2.1.0/webrick/httpserver.rb:138:in `service'
  /Users/skuhlmann/.rvm/rubies/ruby-2.1.2/lib/ruby/2.1.0/webrick/httpserver.rb:94:in `run'
  /Users/skuhlmann/.rvm/rubies/ruby-2.1.2/lib/ruby/2.1.0/webrick/server.rb:295:in `block in start_thread'


  Rendered /Users/skuhlmann/.rvm/gems/ruby-2.1.2/gems/actionpack-4.1.7/lib/action_dispatch/middleware/templates/rescues/_source.erb (0.5ms)
  Rendered /Users/skuhlmann/.rvm/gems/ruby-2.1.2/gems/actionpack-4.1.7/lib/action_dispatch/middleware/templates/rescues/_trace.html.erb (1.0ms)
  Rendered /Users/skuhlmann/.rvm/gems/ruby-2.1.2/gems/actionpack-4.1.7/lib/action_dispatch/middleware/templates/rescues/_request_and_response.html.erb (0.9ms)
  Rendered /Users/skuhlmann/.rvm/gems/ruby-2.1.2/gems/actionpack-4.1.7/lib/action_dispatch/middleware/templates/rescues/diagnostics.erb within rescues/layout (18.3ms)


Started GET "/" for 127.0.0.1 at 2014-11-17 13:21:14 -0700
Processing by Rails::WelcomeController#index as HTML
  Rendered /Users/skuhlmann/.rvm/gems/ruby-2.1.2/gems/railties-4.1.7/lib/rails/templates/rails/welcome/index.html.erb (2.1ms)
Completed 200 OK in 18ms (Views: 9.0ms | ActiveRecord: 0.0ms)
  [1m[36mActiveRecord::SchemaMigration Load (0.3ms)[0m  [1mSELECT "schema_migrations".* FROM "schema_migrations"[0m


Started GET "/" for 127.0.0.1 at 2014-11-17 14:46:47 -0700
Processing by Rails::WelcomeController#index as HTML
  Rendered /Users/skuhlmann/.rvm/gems/ruby-2.1.2/gems/railties-4.1.7/lib/rails/templates/rails/welcome/index.html.erb (2.0ms)
Completed 200 OK in 19ms (Views: 8.7ms | ActiveRecord: 0.0ms)
  [1m[36m (137.8ms)[0m  [1mDROP DATABASE IF EXISTS "authentication_development"[0m
  [1m[35m (114.1ms)[0m  DROP DATABASE IF EXISTS "authentication_test"
  [1m[36m (440.8ms)[0m  [1mCREATE DATABASE "authentication_development" ENCODING = 'unicode'[0m
  [1m[35m (247.3ms)[0m  CREATE DATABASE "authentication_test" ENCODING = 'unicode'
  [1m[36mSQL (1.7ms)[0m  [1mCREATE EXTENSION IF NOT EXISTS "plpgsql"[0m
  [1m[35m (11.3ms)[0m  CREATE TABLE "users" ("id" serial primary key, "first_name" character varying(255), "last_name" character varying(255), "username" character varying(255), "password_digest" character varying(255), "created_at" timestamp, "updated_at" timestamp) 
  [1m[36m (6.7ms)[0m  [1mCREATE TABLE "schema_migrations" ("version" character varying(255) NOT NULL) [0m
  [1m[35m (12.0ms)[0m  CREATE UNIQUE INDEX  "unique_schema_migrations" ON "schema_migrations"  ("version")
  [1m[36m (0.4ms)[0m  [1mSELECT version FROM "schema_migrations"[0m
  [1m[35m (0.9ms)[0m  INSERT INTO "schema_migrations" (version) VALUES ('20140929153047')
  [1m[36mActiveRecord::SchemaMigration Load (0.2ms)[0m  [1mSELECT "schema_migrations".* FROM "schema_migrations"[0m
  [1m[36m (115.3ms)[0m  [1mDROP DATABASE IF EXISTS "dinner_dash_development"[0m
  [1m[35m (119.1ms)[0m  DROP DATABASE IF EXISTS "dinner_dash_test"
  [1m[36m (244.4ms)[0m  [1mCREATE DATABASE "dinner_dash_development" ENCODING = 'unicode'[0m
  [1m[35m (250.0ms)[0m  CREATE DATABASE "dinner_dash_test" ENCODING = 'unicode'
  [1m[36mSQL (0.3ms)[0m  [1mCREATE EXTENSION IF NOT EXISTS "plpgsql"[0m
  [1m[35m (4.6ms)[0m  CREATE TABLE "users" ("id" serial primary key, "first_name" character varying(255), "last_name" character varying(255), "username" character varying(255), "password_digest" character varying(255), "created_at" timestamp, "updated_at" timestamp) 
  [1m[36m (0.9ms)[0m  [1mCREATE TABLE "schema_migrations" ("version" character varying(255) NOT NULL) [0m
  [1m[35m (1.0ms)[0m  CREATE UNIQUE INDEX  "unique_schema_migrations" ON "schema_migrations"  ("version")
  [1m[36m (0.3ms)[0m  [1mSELECT version FROM "schema_migrations"[0m
  [1m[35m (0.5ms)[0m  INSERT INTO "schema_migrations" (version) VALUES ('20140929153047')
  [1m[36mActiveRecord::SchemaMigration Load (0.2ms)[0m  [1mSELECT "schema_migrations".* FROM "schema_migrations"[0m


Started GET "/" for 127.0.0.1 at 2014-11-17 16:12:03 -0700
Processing by Rails::WelcomeController#index as HTML
  Rendered /Users/skuhlmann/.rvm/gems/ruby-2.1.2/gems/railties-4.1.7/lib/rails/templates/rails/welcome/index.html.erb (2.0ms)
Completed 200 OK in 20ms (Views: 9.8ms | ActiveRecord: 0.0ms)


Started GET "/" for 127.0.0.1 at 2014-11-18 04:36:11 -0700
Processing by Rails::WelcomeController#index as HTML
  Rendered /Users/skuhlmann/.rvm/gems/ruby-2.1.2/gems/railties-4.1.7/lib/rails/templates/rails/welcome/index.html.erb (2.0ms)
Completed 200 OK in 22ms (Views: 9.3ms | ActiveRecord: 0.0ms)
  [1m[36mActiveRecord::SchemaMigration Load (25.2ms)[0m  [1mSELECT "schema_migrations".* FROM "schema_migrations"[0m
Migrating to CreateItems (20141118113858)
  [1m[35m (6.2ms)[0m  BEGIN
  [1m[36m (61.3ms)[0m  [1mCREATE TABLE "items" ("id" serial primary key, "title" character varying(255), "description" character varying(255), "price" integer, "type" character varying(255), "created_at" timestamp, "updated_at" timestamp) [0m
  [1m[35mSQL (18.4ms)[0m  INSERT INTO "schema_migrations" ("version") VALUES ($1)  [["version", "20141118113858"]]
  [1m[36m (7.2ms)[0m  [1mCOMMIT[0m
  [1m[35mActiveRecord::SchemaMigration Load (0.2ms)[0m  SELECT "schema_migrations".* FROM "schema_migrations"
  [1m[36mActiveRecord::SchemaMigration Load (0.3ms)[0m  [1mSELECT "schema_migrations".* FROM "schema_migrations"[0m
Migrating to ChangeItemTypeColumn (20141118115619)
  [1m[35m (0.1ms)[0m  BEGIN
  [1m[36m (22.8ms)[0m  [1mALTER TABLE "items" ALTER COLUMN "type" TYPE food_group[0m
PG::UndefinedObject: ERROR:  type "food_group" does not exist
: ALTER TABLE "items" ALTER COLUMN "type" TYPE food_group
  [1m[35m (0.1ms)[0m  ROLLBACK
  [1m[36mActiveRecord::SchemaMigration Load (0.3ms)[0m  [1mSELECT "schema_migrations".* FROM "schema_migrations"[0m
Migrating to ChangeItemTypeColumn (20141118115619)
  [1m[35m (0.1ms)[0m  BEGIN
  [1m[36m (8.4ms)[0m  [1mALTER TABLE "items" RENAME COLUMN "type" TO "food_group"[0m
  [1m[35mSQL (0.2ms)[0m  INSERT INTO "schema_migrations" ("version") VALUES ($1)  [["version", "20141118115619"]]
  [1m[36m (6.6ms)[0m  [1mCOMMIT[0m
  [1m[35mActiveRecord::SchemaMigration Load (0.2ms)[0m  SELECT "schema_migrations".* FROM "schema_migrations"


Started GET "/" for 127.0.0.1 at 2014-11-18 05:51:39 -0700
  [1m[36mActiveRecord::SchemaMigration Load (0.5ms)[0m  [1mSELECT "schema_migrations".* FROM "schema_migrations"[0m
Processing by Rails::WelcomeController#index as HTML
  Rendered /Users/skuhlmann/.rvm/gems/ruby-2.1.2/gems/railties-4.1.7/lib/rails/templates/rails/welcome/index.html.erb (0.1ms)
Completed 200 OK in 2ms (Views: 1.7ms | ActiveRecord: 0.0ms)


Started GET "/items" for 127.0.0.1 at 2014-11-18 05:51:43 -0700
Processing by ItemsController#index as HTML
  [1m[35mItem Load (6.9ms)[0m  SELECT "items".* FROM "items"
  Rendered items/index.html.erb within layouts/application (8.4ms)
Completed 200 OK in 608ms (Views: 599.0ms | ActiveRecord: 6.9ms)


Started GET "/assets/items.css?body=1" for 127.0.0.1 at 2014-11-18 05:51:44 -0700


Started GET "/assets/application.css?body=1" for 127.0.0.1 at 2014-11-18 05:51:44 -0700


Started GET "/assets/jquery.js?body=1" for 127.0.0.1 at 2014-11-18 05:51:44 -0700


Started GET "/assets/jquery_ujs.js?body=1" for 127.0.0.1 at 2014-11-18 05:51:44 -0700


Started GET "/assets/turbolinks.js?body=1" for 127.0.0.1 at 2014-11-18 05:51:44 -0700


Started GET "/assets/items.js?body=1" for 127.0.0.1 at 2014-11-18 05:51:44 -0700


Started GET "/assets/application.js?body=1" for 127.0.0.1 at 2014-11-18 05:51:44 -0700


Started GET "/items/new" for 127.0.0.1 at 2014-11-18 05:51:46 -0700
Processing by ItemsController#new as HTML
  Rendered items/_form.html.erb (31.1ms)
  Rendered items/new.html.erb within layouts/application (35.4ms)
Completed 200 OK in 71ms (Views: 67.1ms | ActiveRecord: 1.8ms)


Started POST "/items" for 127.0.0.1 at 2014-11-18 05:52:08 -0700
Processing by ItemsController#create as HTML
  Parameters: {"utf8"=>"✓", "authenticity_token"=>"+4KsDVSqQxbCc6mzzcWJEnZAaFcOHkxtC4mycZv44M0=", "item"=>{"title"=>"Wheat Tortilla", "description"=>"Round and brown", "price"=>"1", "food_group"=>"Tortilla"}, "commit"=>"Create Item"}
  [1m[36m (0.1ms)[0m  [1mBEGIN[0m
  [1m[35mItem Exists (11.6ms)[0m  SELECT  1 AS one FROM "items"  WHERE "items"."title" = 'Wheat Tortilla' LIMIT 1
  [1m[36mSQL (5.8ms)[0m  [1mINSERT INTO "items" ("created_at", "description", "food_group", "price", "title", "updated_at") VALUES ($1, $2, $3, $4, $5, $6) RETURNING "id"[0m  [["created_at", "2014-11-18 12:52:08.772124"], ["description", "Round and brown"], ["food_group", "Tortilla"], ["price", 1], ["title", "Wheat Tortilla"], ["updated_at", "2014-11-18 12:52:08.772124"]]
  [1m[35m (6.4ms)[0m  COMMIT
Redirected to http://localhost:8080/items/1
Completed 302 Found in 46ms (ActiveRecord: 24.0ms)


Started GET "/items/1" for 127.0.0.1 at 2014-11-18 05:52:08 -0700
Processing by ItemsController#show as HTML
  Parameters: {"id"=>"1"}
  [1m[36mItem Load (0.3ms)[0m  [1mSELECT  "items".* FROM "items"  WHERE "items"."id" = $1 LIMIT 1[0m  [["id", 1]]
  Rendered items/show.html.erb within layouts/application (0.8ms)
Completed 200 OK in 40ms (Views: 37.8ms | ActiveRecord: 0.3ms)


Started GET "/items" for 127.0.0.1 at 2014-11-18 05:52:14 -0700
Processing by ItemsController#index as HTML
  [1m[35mItem Load (0.2ms)[0m  SELECT "items".* FROM "items"
  Rendered items/index.html.erb within layouts/application (1.7ms)
Completed 200 OK in 45ms (Views: 44.0ms | ActiveRecord: 0.2ms)


Started DELETE "/items/1" for 127.0.0.1 at 2014-11-18 05:53:25 -0700
Processing by ItemsController#destroy as HTML
  Parameters: {"authenticity_token"=>"+4KsDVSqQxbCc6mzzcWJEnZAaFcOHkxtC4mycZv44M0=", "id"=>"1"}
  [1m[36mItem Load (0.3ms)[0m  [1mSELECT  "items".* FROM "items"  WHERE "items"."id" = $1 LIMIT 1[0m  [["id", 1]]
  [1m[35m (0.1ms)[0m  BEGIN
  [1m[36mSQL (0.2ms)[0m  [1mDELETE FROM "items" WHERE "items"."id" = $1[0m  [["id", 1]]
  [1m[35m (5.5ms)[0m  COMMIT
Redirected to http://localhost:8080/items
Completed 302 Found in 9ms (ActiveRecord: 6.0ms)


Started GET "/items" for 127.0.0.1 at 2014-11-18 05:53:25 -0700
Processing by ItemsController#index as HTML
  [1m[36mItem Load (0.2ms)[0m  [1mSELECT "items".* FROM "items"[0m
  Rendered items/index.html.erb within layouts/application (0.6ms)
Completed 200 OK in 35ms (Views: 34.6ms | ActiveRecord: 0.2ms)
